Warning: Design 'cpu' has '1' unresolved references. For more detailed information, use the "link" command. (UID-341)
 
****************************************
Report : area
Design : cpu
Version: V-2023.12-SP5
Date   : Mon Dec 16 22:50:31 2024
****************************************

Information: Updating design information... (UID-85)
Warning: Design 'cpu' contains 20 high-fanout nets. A fanout number of 1000 will be used for delay calculations involving these nets. (TIM-134)
Library(s) Used:

    saed32lvt_tt0p85v25c (File: /cae/apps/data/saed32_edk-2022/lib/stdcell_lvt/db_nldm/saed32lvt_tt0p85v25c.db)

Number of ports:                        96272
Number of nets:                        288499
Number of cells:                       195280
Number of combinational cells:          86722
Number of sequential cells:            105623
Number of macros/black boxes:               0
Number of buf/inv:                       6912
Number of references:                      33

Combinational area:             209977.586240
Buf/Inv area:                     9702.963726
Noncombinational area:          669550.011745
Macro/Black Box area:                0.000000
Net Interconnect area:          432183.645997

Total cell area:                879527.597985
Total area:                    1311711.243982

Information: This design contains black box (unknown) components. (RPT-8)
1
